C/C++:   CMakeLists.txt:31 (include)
[CXX1429] error when building with cmake using D:\laragon\www\ai-tools-explorer\aitools-app\node_modules\react-native\ReactAndroid\cmake-utils\default-app-setup\CMakeLists.txt: -- Configuring incomplete, errors occurred!
See also "D:/laragon/www/ai-tools-explorer/aitools-app/android/app/.cxx/Debug/1o3u404f/x86/CMakeFiles/CMakeOutput.log".
See also "D:/laragon/www/ai-tools-explorer/aitools-app/android/app/.cxx/Debug/1o3u404f/x86/CMakeFiles/CMakeError.log".

C++ build system [configure] failed while executing:
    @echo off
    "C:\\Users\\sisov\\AppData\\Local\\Android\\Sdk\\cmake\\3.22.1\\bin\\cmake.exe" ^
      "-HD:\\laragon\\www\\ai-tools-explorer\\aitools-app\\node_modules\\react-native\\ReactAndroid\\cmake-utils\\default-app-setup" ^
      "-DCMAKE_SYSTEM_NAME=Android" ^
      "-DCMAKE_EXPORT_COMPILE_COMMANDS=ON" ^
      "-DCMAKE_SYSTEM_VERSION=24" ^
      "-DANDROID_PLATFORM=android-24" ^
      "-DANDROID_ABI=x86" ^
      "-DCMAKE_ANDROID_ARCH_ABI=x86" ^
      "-DANDROID_NDK=C:\\Users\\sisov\\AppData\\Local\\Android\\Sdk\\ndk\\27.1.12297006" ^
      "-DCMAKE_ANDROID_NDK=C:\\Users\\sisov\\AppData\\Local\\Android\\Sdk\\ndk\\27.1.12297006" ^
      "-DCMAKE_TOOLCHAIN_FILE=C:\\Users\\sisov\\AppData\\Local\\Android\\Sdk\\ndk\\27.1.12297006\\build\\cmake\\android.toolchain.cmake" ^
      "-DCMAKE_MAKE_PROGRAM=C:\\Users\\sisov\\AppData\\Local\\Android\\Sdk\\cmake\\3.22.1\\bin\\ninja.exe" ^
      "-DCMAKE_LIBRARY_OUTPUT_DIRECTORY=D:\\laragon\\www\\ai-tools-explorer\\aitools-app\\android\\app\\build\\intermediates\\cxx\\Debug\\1o3u404f\\obj\\x86" ^
      "-DCMAKE_RUNTIME_OUTPUT_DIRECTORY=D:\\laragon\\www\\ai-tools-explorer\\aitools-app\\android\\app\\build\\intermediates\\cxx\\Debug\\1o3u404f\\obj\\x86" ^
      "-DCMAKE_BUILD_TYPE=Debug" ^
      "-DCMAKE_FIND_ROOT_PATH=D:\\laragon\\www\\ai-tools-explorer\\aitools-app\\android\\app\\.cxx\\Debug\\1o3u404f\\prefab\\x86\\prefab" ^
      "-BD:\\laragon\\www\\ai-tools-explorer\\aitools-app\\android\\app\\.cxx\\Debug\\1o3u404f\\x86" ^
      -GNinja ^
      "-DPROJECT_BUILD_DIR=D:\\laragon\\www\\ai-tools-explorer\\aitools-app\\android\\app\\build" ^
      "-DPROJECT_ROOT_DIR=D:\\laragon\\www\\ai-tools-explorer\\aitools-app\\android" ^
      "-DREACT_ANDROID_DIR=D:\\laragon\\www\\ai-tools-explorer\\aitools-app\\node_modules\\react-native\\ReactAndroid" ^
      "-DANDROID_STL=c++_shared" ^
      "-DANDROID_SUPPORT_FLEXIBLE_PAGE_SIZES=ON"
  from D:\laragon\www\ai-tools-explorer\aitools-app\android\app
CMake Error at D:/laragon/www/ai-tools-explorer/aitools-app/android/app/build/generated/autolinking/src/main/jni/Android-autolinking.cmake:10 (add_subdirectory):
  add_subdirectory given source
  "D:/laragon/www/ai-tools-explorer/aitools-app/node_modules/react-native-vector-icons/android/build/generated/source/codegen/jni/"
  which is not an existing directory.
Call Stack (most recent call first):
  D:/laragon/www/ai-tools-explorer/aitools-app/node_modules/react-native/ReactAndroid/cmake-utils/ReactNative-application.cmake:94 (include)
  CMakeLists.txt:31 (include)


CMake Error at D:/laragon/www/ai-tools-explorer/aitools-app/node_modules/react-native/ReactAndroid/cmake-utils/ReactNative-application.cmake:97 (target_link_libraries):
  Cannot specify link libraries for target "react_codegen_RNVectorIconsSpec"
  which is not built by this project.
Call Stack (most recent call first):
  CMakeLists.txt:31 (include) : com.android.ide.common.process.ProcessException: -- Configuring incomplete, errors occurred!
See also "D:/laragon/www/ai-tools-explorer/aitools-app/android/app/.cxx/Debug/1o3u404f/x86/CMakeFiles/CMakeOutput.log".
See also "D:/laragon/www/ai-tools-explorer/aitools-app/android/app/.cxx/Debug/1o3u404f/x86/CMakeFiles/CMakeError.log".

C++ build system [configure] failed while executing:
    @echo off
    "C:\\Users\\sisov\\AppData\\Local\\Android\\Sdk\\cmake\\3.22.1\\bin\\cmake.exe" ^
      "-HD:\\laragon\\www\\ai-tools-explorer\\aitools-app\\node_modules\\react-native\\ReactAndroid\\cmake-utils\\default-app-setup" ^
      "-DCMAKE_SYSTEM_NAME=Android" ^
      "-DCMAKE_EXPORT_COMPILE_COMMANDS=ON" ^
      "-DCMAKE_SYSTEM_VERSION=24" ^
      "-DANDROID_PLATFORM=android-24" ^
      "-DANDROID_ABI=x86" ^
      "-DCMAKE_ANDROID_ARCH_ABI=x86" ^
      "-DANDROID_NDK=C:\\Users\\sisov\\AppData\\Local\\Android\\Sdk\\ndk\\27.1.12297006" ^
      "-DCMAKE_ANDROID_NDK=C:\\Users\\sisov\\AppData\\Local\\Android\\Sdk\\ndk\\27.1.12297006" ^
      "-DCMAKE_TOOLCHAIN_FILE=C:\\Users\\sisov\\AppData\\Local\\Android\\Sdk\\ndk\\27.1.12297006\\build\\cmake\\android.toolchain.cmake" ^
      "-DCMAKE_MAKE_PROGRAM=C:\\Users\\sisov\\AppData\\Local\\Android\\Sdk\\cmake\\3.22.1\\bin\\ninja.exe" ^
      "-DCMAKE_LIBRARY_OUTPUT_DIRECTORY=D:\\laragon\\www\\ai-tools-explorer\\aitools-app\\android\\app\\build\\intermediates\\cxx\\Debug\\1o3u404f\\obj\\x86" ^
      "-DCMAKE_RUNTIME_OUTPUT_DIRECTORY=D:\\laragon\\www\\ai-tools-explorer\\aitools-app\\android\\app\\build\\intermediates\\cxx\\Debug\\1o3u404f\\obj\\x86" ^
      "-DCMAKE_BUILD_TYPE=Debug" ^
      "-DCMAKE_FIND_ROOT_PATH=D:\\laragon\\www\\ai-tools-explorer\\aitools-app\\android\\app\\.cxx\\Debug\\1o3u404f\\prefab\\x86\\prefab" ^
      "-BD:\\laragon\\www\\ai-tools-explorer\\aitools-app\\android\\app\\.cxx\\Debug\\1o3u404f\\x86" ^
      -GNinja ^
      "-DPROJECT_BUILD_DIR=D:\\laragon\\www\\ai-tools-explorer\\aitools-app\\android\\app\\build" ^
      "-DPROJECT_ROOT_DIR=D:\\laragon\\www\\ai-tools-explorer\\aitools-app\\android" ^
      "-DREACT_ANDROID_DIR=D:\\laragon\\www\\ai-tools-explorer\\aitools-app\\node_modules\\react-native\\ReactAndroid" ^
      "-DANDROID_STL=c++_shared" ^
      "-DANDROID_SUPPORT_FLEXIBLE_PAGE_SIZES=ON"
  from D:\laragon\www\ai-tools-explorer\aitools-app\android\app
CMake Error at D:/laragon/www/ai-tools-explorer/aitools-app/android/app/build/generated/autolinking/src/main/jni/Android-autolinking.cmake:10 (add_subdirectory):
  add_subdirectory given source
  "D:/laragon/www/ai-tools-explorer/aitools-app/node_modules/react-native-vector-icons/android/build/generated/source/codegen/jni/"
  which is not an existing directory.
Call Stack (most recent call first):
  D:/laragon/www/ai-tools-explorer/aitools-app/node_modules/react-native/ReactAndroid/cmake-utils/ReactNative-application.cmake:94 (include)
  CMakeLists.txt:31 (include)


CMake Error at D:/laragon/www/ai-tools-explorer/aitools-app/node_modules/react-native/ReactAndroid/cmake-utils/ReactNative-application.cmake:97 (target_link_libraries):
  Cannot specify link libraries for target "react_codegen_RNVectorIconsSpec"
  which is not built by this project.
Call Stack (most recent call first):
  CMakeLists.txt:31 (include)
	at com.android.build.gradle.internal.cxx.process.ExecuteProcessKt.execute(ExecuteProcess.kt:288)
	at com.android.build.gradle.internal.cxx.process.ExecuteProcessKt$executeProcess$1.invoke(ExecuteProcess.kt:108)
	at com.android.build.gradle.internal.cxx.process.ExecuteProcessKt$executeProcess$1.invoke(ExecuteProcess.kt:106)
	at com.android.build.gradle.internal.cxx.timing.TimingEnvironmentKt.time(TimingEnvironment.kt:32)
	at com.android.build.gradle.internal.cxx.process.ExecuteProcessKt.executeProcess(ExecuteProcess.kt:106)
	at com.android.build.gradle.internal.cxx.process.ExecuteProcessKt.executeProcess$default(ExecuteProcess.kt:85)
	at com.android.build.gradle.tasks.CmakeQueryMetadataGenerator.executeProcess(CmakeFileApiMetadataGenerator.kt:59)
	at com.android.build.gradle.tasks.ExternalNativeJsonGenerator$configureOneAbi$1$1$3.invoke(ExternalNativeJsonGenerator.kt:247)
	at com.android.build.gradle.tasks.ExternalNativeJsonGenerator$configureOneAbi$1$1$3.invoke(ExternalNativeJsonGenerator.kt:247)
	at com.android.build.gradle.internal.cxx.timing.TimingEnvironmentKt.time(TimingEnvironment.kt:32)
	at com.android.build.gradle.tasks.ExternalNativeJsonGenerator.configureOneAbi(ExternalNativeJsonGenerator.kt:247)
	at com.android.build.gradle.tasks.ExternalNativeJsonGenerator.configure(ExternalNativeJsonGenerator.kt:113)
	at com.android.build.gradle.internal.ide.v2.NativeModelBuilder.generateBuildFilesAndCompileCommandsJson(NativeModelBuilder.kt:204)
	at com.android.build.gradle.internal.ide.v2.NativeModelBuilder.buildAll(NativeModelBuilder.kt:169)
	at com.android.build.gradle.internal.ide.v2.NativeModelBuilder.buildAll(NativeModelBuilder.kt:56)
	at org.gradle.tooling.provider.model.internal.DefaultToolingModelBuilderRegistry$BuilderWithParameter.build(DefaultToolingModelBuilderRegistry.java:293)
	at org.gradle.tooling.provider.model.internal.DefaultToolingModelBuilderRegistry$UserCodeAssigningBuilder.lambda$build$0(DefaultToolingModelBuilderRegistry.java:378)
	at org.gradle.internal.code.DefaultUserCodeApplicationContext$CurrentApplication.reapply(DefaultUserCodeApplicationContext.java:110)
	at org.gradle.tooling.provider.model.internal.DefaultToolingModelBuilderRegistry$UserCodeAssigningBuilder.build(DefaultToolingModelBuilderRegistry.java:378)
	at org.gradle.tooling.provider.model.internal.DefaultToolingModelBuilderRegistry$LockSingleProjectBuilder.lambda$build$0(DefaultToolingModelBuilderRegistry.java:308)
	at org.gradle.api.internal.project.DefaultProjectStateRegistry$ProjectStateImpl.lambda$fromMutableState$2(DefaultProjectStateRegistry.java:458)
	at org.gradle.internal.work.DefaultWorkerLeaseService.withReplacedLocks(DefaultWorkerLeaseService.java:359)
	at org.gradle.api.internal.project.DefaultProjectStateRegistry$ProjectStateImpl.fromMutableState(DefaultProjectStateRegistry.java:458)
	at org.gradle.tooling.provider.model.internal.DefaultToolingModelBuilderRegistry$LockSingleProjectBuilder.build(DefaultToolingModelBuilderRegistry.java:308)
	at org.gradle.tooling.provider.model.internal.DefaultToolingModelBuilderRegistry$BuildOperationWrappingBuilder$1.call(DefaultToolingModelBuilderRegistry.java:341)
	at org.gradle.internal.operations.DefaultBuildOperationRunner$CallableBuildOperationWorker.execute(DefaultBuildOperationRunner.java:210)
	at org.gradle.internal.operations.DefaultBuildOperationRunner$CallableBuildOperationWorker.execute(DefaultBuildOperationRunner.java:205)
	at org.gradle.internal.operations.DefaultBuildOperationRunner$2.execute(DefaultBuildOperationRunner.java:67)
	at org.gradle.internal.operations.DefaultBuildOperationRunner$2.execute(DefaultBuildOperationRunner.java:60)
	at org.gradle.internal.operations.DefaultBuildOperationRunner.execute(DefaultBuildOperationRunner.java:167)
	at org.gradle.internal.operations.DefaultBuildOperationRunner.execute(DefaultBuildOperationRunner.java:60)
	at org.gradle.internal.operations.DefaultBuildOperationRunner.call(DefaultBuildOperationRunner.java:54)
	at org.gradle.tooling.provider.model.internal.DefaultToolingModelBuilderRegistry$BuildOperationWrappingBuilder.build(DefaultToolingModelBuilderRegistry.java:338)
	at org.gradle.internal.build.DefaultBuildToolingModelController$AbstractToolingScope.getModel(DefaultBuildToolingModelController.java:87)
	at org.gradle.internal.buildtree.DefaultBuildTreeModelCreator$DefaultBuildTreeModelController.getModelForScope(DefaultBuildTreeModelCreator.java:148)
	at org.gradle.internal.buildtree.DefaultBuildTreeModelCreator$DefaultBuildTreeModelController.access$300(DefaultBuildTreeModelCreator.java:70)
	at org.gradle.internal.buildtree.DefaultBuildTreeModelCreator$DefaultBuildTreeModelController$1.call(DefaultBuildTreeModelCreator.java:86)
	at org.gradle.internal.operations.DefaultBuildOperationRunner$CallableBuildOperationWorker.execute(DefaultBuildOperationRunner.java:210)
	at org.gradle.internal.operations.DefaultBuildOperationRunner$CallableBuildOperationWorker.execute(DefaultBuildOperationRunner.java:205)
	at org.gradle.internal.operations.DefaultBuildOperationRunner$2.execute(DefaultBuildOperationRunner.java:67)
	at org.gradle.internal.operations.DefaultBuildOperationRunner$2.execute(DefaultBuildOperationRunner.java:60)
	at org.gradle.internal.operations.DefaultBuildOperationRunner.execute(DefaultBuildOperationRunner.java:167)
	at org.gradle.internal.operations.DefaultBuildOperationRunner.execute(DefaultBuildOperationRunner.java:60)
	at org.gradle.internal.operations.DefaultBuildOperationRunner.call(DefaultBuildOperationRunner.java:54)
	at org.gradle.internal.buildtree.DefaultBuildTreeModelCreator$DefaultBuildTreeModelController.getModel(DefaultBuildTreeModelCreator.java:81)
	at org.gradle.tooling.internal.provider.runner.DefaultBuildController.getModel(DefaultBuildController.java:104)
	at org.gradle.tooling.internal.consumer.connection.ParameterAwareBuildControllerAdapter.getModel(ParameterAwareBuildControllerAdapter.java:40)
	at org.gradle.tooling.internal.consumer.connection.UnparameterizedBuildController.getModel(UnparameterizedBuildController.java:116)
	at org.gradle.tooling.internal.consumer.connection.NestedActionAwareBuildControllerAdapter.getModel(NestedActionAwareBuildControllerAdapter.java:32)
	at org.gradle.tooling.internal.consumer.connection.UnparameterizedBuildController.findModel(UnparameterizedBuildController.java:100)
	at org.gradle.tooling.internal.consumer.connection.NestedActionAwareBuildControllerAdapter.findModel(NestedActionAwareBuildControllerAdapter.java:32)
	at com.android.tools.idea.gradle.project.sync.SyncActionRunnerKt$toMeasuringController$1.findModel$lambda$7(SyncActionRunner.kt:295)
	at com.android.tools.idea.projectsystem.gradle.sync.Counter.invoke(PerformanceMeasurementUtil.kt:108)
	at com.android.tools.idea.gradle.project.sync.SyncActionRunnerKt.measure(SyncActionRunner.kt:340)
	at com.android.tools.idea.gradle.project.sync.SyncActionRunnerKt.access$measure(SyncActionRunner.kt:1)
	at com.android.tools.idea.gradle.project.sync.SyncActionRunnerKt$toMeasuringController$1.findModel(SyncActionRunner.kt:295)
	at com.android.tools.idea.gradle.project.sync.ActionToRun$toSafeController$1.findModel(SyncActionRunner.kt:164)
	at com.android.tools.idea.gradle.project.sync.ModelFetchersKt.findNativeVariantAbiModel(ModelFetchers.kt:154)
	at com.android.tools.idea.gradle.project.sync.VariantDiscovery.toFetchVariantDependenciesAction$lambda$37$lambda$35(VariantDiscovery.kt:219)
	at com.android.tools.idea.gradle.project.sync.ModelResult$Companion.create(ModelResult.kt:32)
	at com.android.tools.idea.gradle.project.sync.VariantDiscovery.toFetchVariantDependenciesAction$lambda$37(VariantDiscovery.kt:208)
	at com.android.tools.idea.gradle.project.sync.ActionToRun.map$lambda$0(SyncActionRunner.kt:68)
	at com.android.tools.idea.gradle.project.sync.ActionToRun.run$intellij_android_projectSystem_gradle_sync(SyncActionRunner.kt:79)
	at com.android.tools.idea.gradle.project.sync.SyncActionRunner.runActions$lambda$5$lambda$4(SyncActionRunner.kt:240)
	at org.gradle.tooling.internal.consumer.connection.NestedActionAwareBuildControllerAdapter$1.get(NestedActionAwareBuildControllerAdapter.java:52)
	at org.gradle.internal.buildtree.IntermediateBuildActionRunner$NestedAction.run(IntermediateBuildActionRunner.java:118)
	at org.gradle.internal.operations.DefaultBuildOperationRunner$2.execute(DefaultBuildOperationRunner.java:67)
	at org.gradle.internal.operations.DefaultBuildOperationRunner$2.execute(DefaultBuildOperationRunner.java:60)
	at org.gradle.internal.operations.DefaultBuildOperationRunner.execute(DefaultBuildOperationRunner.java:167)
	at org.gradle.internal.operations.DefaultBuildOperationRunner.execute(DefaultBuildOperationRunner.java:60)
	at org.gradle.internal.operations.DefaultBuildOperationExecutor$QueueWorker.execute(DefaultBuildOperationExecutor.java:161)
	at org.gradle.internal.operations.DefaultBuildOperationQueue$WorkerRunnable.runOperation(DefaultBuildOperationQueue.java:272)
	at org.gradle.internal.operations.DefaultBuildOperationQueue$WorkerRunnable.doRunBatch(DefaultBuildOperationQueue.java:253)
	at org.gradle.internal.operations.DefaultBuildOperationQueue$WorkerRunnable.lambda$runBatch$1(DefaultBuildOperationQueue.java:226)
	at org.gradle.internal.work.DefaultWorkerLeaseService.withLocks(DefaultWorkerLeaseService.java:263)
	at org.gradle.internal.work.DefaultWorkerLeaseService.runAsWorkerThread(DefaultWorkerLeaseService.java:127)
	at org.gradle.internal.operations.DefaultBuildOperationQueue$WorkerRunnable.runBatch(DefaultBuildOperationQueue.java:224)
	at org.gradle.internal.operations.DefaultBuildOperationQueue$WorkerRunnable.run(DefaultBuildOperationQueue.java:192)
	at org.gradle.internal.concurrent.ExecutorPolicy$CatchAndRecordFailures.onExecute(ExecutorPolicy.java:64)
	at org.gradle.internal.concurrent.AbstractManagedExecutor$1.run(AbstractManagedExecutor.java:48)
	at java.base/java.util.concurrent.ThreadPoolExecutor.runWorker(Unknown Source)
	at java.base/java.util.concurrent.ThreadPoolExecutor$Worker.run(Unknown Source)
	at java.base/java.lang.Thread.run(Unknown Source)
Caused by: com.android.ide.common.process.ProcessException: Error while executing process C:\Users\sisov\AppData\Local\Android\Sdk\cmake\3.22.1\bin\cmake.exe with arguments {-HD:\laragon\www\ai-tools-explorer\aitools-app\node_modules\react-native\ReactAndroid\cmake-utils\default-app-setup -DCMAKE_SYSTEM_NAME=Android -DCMAKE_EXPORT_COMPILE_COMMANDS=ON -DCMAKE_SYSTEM_VERSION=24 -DANDROID_PLATFORM=android-24 -DANDROID_ABI=x86 -DCMAKE_ANDROID_ARCH_ABI=x86 -DANDROID_NDK=C:\Users\sisov\AppData\Local\Android\Sdk\ndk\27.1.12297006 -DCMAKE_ANDROID_NDK=C:\Users\sisov\AppData\Local\Android\Sdk\ndk\27.1.12297006 -DCMAKE_TOOLCHAIN_FILE=C:\Users\sisov\AppData\Local\Android\Sdk\ndk\27.1.12297006\build\cmake\android.toolchain.cmake -DCMAKE_MAKE_PROGRAM=C:\Users\sisov\AppData\Local\Android\Sdk\cmake\3.22.1\bin\ninja.exe -DCMAKE_LIBRARY_OUTPUT_DIRECTORY=D:\laragon\www\ai-tools-explorer\aitools-app\android\app\build\intermediates\cxx\Debug\1o3u404f\obj\x86 -DCMAKE_RUNTIME_OUTPUT_DIRECTORY=D:\laragon\www\ai-tools-explorer\aitools-app\android\app\build\intermediates\cxx\Debug\1o3u404f\obj\x86 -DCMAKE_BUILD_TYPE=Debug -DCMAKE_FIND_ROOT_PATH=D:\laragon\www\ai-tools-explorer\aitools-app\android\app\.cxx\Debug\1o3u404f\prefab\x86\prefab -BD:\laragon\www\ai-tools-explorer\aitools-app\android\app\.cxx\Debug\1o3u404f\x86 -GNinja -DPROJECT_BUILD_DIR=D:\laragon\www\ai-tools-explorer\aitools-app\android\app\build -DPROJECT_ROOT_DIR=D:\laragon\www\ai-tools-explorer\aitools-app\android -DREACT_ANDROID_DIR=D:\laragon\www\ai-tools-explorer\aitools-app\node_modules\react-native\ReactAndroid -DANDROID_STL=c++_shared -DANDROID_SUPPORT_FLEXIBLE_PAGE_SIZES=ON}
	at com.android.build.gradle.internal.process.GradleProcessResult.buildProcessException(GradleProcessResult.java:73)
	at com.android.build.gradle.internal.process.GradleProcessResult.assertNormalExitValue(GradleProcessResult.java:48)
	at com.android.build.gradle.internal.cxx.process.ExecuteProcessKt.execute(ExecuteProcess.kt:277)
	... 82 more
Caused by: org.gradle.process.internal.ExecException: Process 'command 'C:\Users\sisov\AppData\Local\Android\Sdk\cmake\3.22.1\bin\cmake.exe'' finished with non-zero exit value 1
	at org.gradle.process.internal.DefaultExecHandle$ExecResultImpl.assertNormalExitValue(DefaultExecHandle.java:442)
	at com.android.build.gradle.internal.process.GradleProcessResult.assertNormalExitValue(GradleProcessResult.java:46)
	... 83 more


[Incubating] Problems report is available at: file:///D:/laragon/www/ai-tools-explorer/aitools-app/android/build/reports/problems/problems-report.html

Deprecated Gradle features were used in this build, making it incompatible with Gradle 9.0.

You can use '--warning-mode all' to show the individual deprecation warnings and determine if they come from your own scripts or plugins.

For more on this, please refer to https://docs.gradle.org/8.14.3/userguide/command_line_interface.html#sec:command_line_warnings in the Gradle documentation.

BUILD SUCCESSFUL in 1m 56s
29 actionable tasks: 25 executed, 4 up-to-date